[Sun Oct 08 12:42:33.745762 2023] [mpm_winnt:notice] [pid 9284:tid 880] AH00455: Apache/2.4.43 (Win32) mod_fcgid/2.3.9a configured -- resuming normal operations
[Sun Oct 08 12:42:33.747739 2023] [mpm_winnt:notice] [pid 9284:tid 880] AH00456: Server built: Apr 21 2020 13:46:54
[Sun Oct 08 12:42:33.747739 2023] [core:notice] [pid 9284:tid 880] AH00094: Command line: 'C:\\Users\\User\\AppData\\Roaming\\Local\\lightning-services\\apache-2.4.43+8\\bin\\win32\\bin\\httpd.exe -d C:/Users/User/AppData/Roaming/Local/lightning-services/apache-2.4.43+8/bin/win32 -D FOREGROUND -f C:\\Users\\User\\AppData\\Roaming\\Local\\run\\FPwl5e6Gv\\conf\\apache\\apache2.conf'
[Sun Oct 08 12:42:33.754739 2023] [mpm_winnt:notice] [pid 9284:tid 880] AH00418: Parent: Created child process 12628
[Sun Oct 08 12:42:34.801738 2023] [mpm_winnt:notice] [pid 12628:tid 848] AH00354: Child: Starting 64 worker threads.
[Sun Oct 08 12:44:02.809195 2023] [core:warn] [pid 15076:tid 776] AH00098: pid file C:/Users/User/AppData/Roaming/Local/run/FPwl5e6Gv/apache/logs/httpd.pid overwritten -- Unclean shutdown of previous Apache run?
[Sun Oct 08 12:44:02.815195 2023] [mpm_winnt:notice] [pid 15076:tid 776] AH00455: Apache/2.4.43 (Win32) mod_fcgid/2.3.9a configured -- resuming normal operations
[Sun Oct 08 12:44:02.815195 2023] [mpm_winnt:notice] [pid 15076:tid 776] AH00456: Server built: Apr 21 2020 13:46:54
[Sun Oct 08 12:44:02.815195 2023] [core:notice] [pid 15076:tid 776] AH00094: Command line: 'C:\\Users\\User\\AppData\\Roaming\\Local\\lightning-services\\apache-2.4.43+8\\bin\\win32\\bin\\httpd.exe -d C:/Users/User/AppData/Roaming/Local/lightning-services/apache-2.4.43+8/bin/win32 -D FOREGROUND -f C:\\Users\\User\\AppData\\Roaming\\Local\\run\\FPwl5e6Gv\\conf\\apache\\apache2.conf'
[Sun Oct 08 12:44:02.823196 2023] [mpm_winnt:notice] [pid 15076:tid 776] AH00418: Parent: Created child process 6208
[Sun Oct 08 12:44:03.885194 2023] [mpm_winnt:notice] [pid 6208:tid 848] AH00354: Child: Starting 64 worker threads.
[Mon Oct 09 14:44:47.638423 2023] [core:warn] [pid 7608:tid 808] AH00098: pid file C:/Users/User/AppData/Roaming/Local/run/FPwl5e6Gv/apache/logs/httpd.pid overwritten -- Unclean shutdown of previous Apache run?
[Mon Oct 09 14:44:47.645427 2023] [mpm_winnt:notice] [pid 7608:tid 808] AH00455: Apache/2.4.43 (Win32) mod_fcgid/2.3.9a configured -- resuming normal operations
[Mon Oct 09 14:44:47.645427 2023] [mpm_winnt:notice] [pid 7608:tid 808] AH00456: Server built: Apr 21 2020 13:46:54
[Mon Oct 09 14:44:47.645427 2023] [core:notice] [pid 7608:tid 808] AH00094: Command line: 'C:\\Users\\User\\AppData\\Roaming\\Local\\lightning-services\\apache-2.4.43+8\\bin\\win32\\bin\\httpd.exe -d C:/Users/User/AppData/Roaming/Local/lightning-services/apache-2.4.43+8/bin/win32 -D FOREGROUND -f C:\\Users\\User\\AppData\\Roaming\\Local\\run\\FPwl5e6Gv\\conf\\apache\\apache2.conf'
[Mon Oct 09 14:44:47.654425 2023] [mpm_winnt:notice] [pid 7608:tid 808] AH00418: Parent: Created child process 16060
[Mon Oct 09 14:44:48.820424 2023] [mpm_winnt:notice] [pid 16060:tid 852] AH00354: Child: Starting 64 worker threads.
[Mon Oct 09 21:09:33.821127 2023] [core:warn] [pid 9864:tid 624] AH00098: pid file C:/Users/User/AppData/Roaming/Local/run/FPwl5e6Gv/apache/logs/httpd.pid overwritten -- Unclean shutdown of previous Apache run?
[Mon Oct 09 21:09:33.825127 2023] [mpm_winnt:notice] [pid 9864:tid 624] AH00455: Apache/2.4.43 (Win32) mod_fcgid/2.3.9a configured -- resuming normal operations
[Mon Oct 09 21:09:33.826128 2023] [mpm_winnt:notice] [pid 9864:tid 624] AH00456: Server built: Apr 21 2020 13:46:54
[Mon Oct 09 21:09:33.826128 2023] [core:notice] [pid 9864:tid 624] AH00094: Command line: 'C:\\Users\\User\\AppData\\Roaming\\Local\\lightning-services\\apache-2.4.43+8\\bin\\win32\\bin\\httpd.exe -d C:/Users/User/AppData/Roaming/Local/lightning-services/apache-2.4.43+8/bin/win32 -D FOREGROUND -f C:\\Users\\User\\AppData\\Roaming\\Local\\run\\FPwl5e6Gv\\conf\\apache\\apache2.conf'
[Mon Oct 09 21:09:33.833128 2023] [mpm_winnt:notice] [pid 9864:tid 624] AH00418: Parent: Created child process 2932
[Mon Oct 09 21:09:34.956128 2023] [mpm_winnt:notice] [pid 2932:tid 872] AH00354: Child: Starting 64 worker threads.
[Tue Oct 10 08:16:01.345048 2023] [core:warn] [pid 7672:tid 864] AH00098: pid file C:/Users/User/AppData/Roaming/Local/run/FPwl5e6Gv/apache/logs/httpd.pid overwritten -- Unclean shutdown of previous Apache run?
[Tue Oct 10 08:16:01.350049 2023] [mpm_winnt:notice] [pid 7672:tid 864] AH00455: Apache/2.4.43 (Win32) mod_fcgid/2.3.9a configured -- resuming normal operations
[Tue Oct 10 08:16:01.350049 2023] [mpm_winnt:notice] [pid 7672:tid 864] AH00456: Server built: Apr 21 2020 13:46:54
[Tue Oct 10 08:16:01.350049 2023] [core:notice] [pid 7672:tid 864] AH00094: Command line: 'C:\\Users\\User\\AppData\\Roaming\\Local\\lightning-services\\apache-2.4.43+8\\bin\\win32\\bin\\httpd.exe -d C:/Users/User/AppData/Roaming/Local/lightning-services/apache-2.4.43+8/bin/win32 -D FOREGROUND -f C:\\Users\\User\\AppData\\Roaming\\Local\\run\\FPwl5e6Gv\\conf\\apache\\apache2.conf'
[Tue Oct 10 08:16:01.358049 2023] [mpm_winnt:notice] [pid 7672:tid 864] AH00418: Parent: Created child process 16964
[Tue Oct 10 08:16:02.607049 2023] [mpm_winnt:notice] [pid 16964:tid 852] AH00354: Child: Starting 64 worker threads.
[Tue Oct 10 16:07:03.079664 2023] [core:warn] [pid 12708:tid 620] AH00098: pid file C:/Users/User/AppData/Roaming/Local/run/FPwl5e6Gv/apache/logs/httpd.pid overwritten -- Unclean shutdown of previous Apache run?
[Tue Oct 10 16:07:03.085665 2023] [mpm_winnt:notice] [pid 12708:tid 620] AH00455: Apache/2.4.43 (Win32) mod_fcgid/2.3.9a configured -- resuming normal operations
[Tue Oct 10 16:07:03.085665 2023] [mpm_winnt:notice] [pid 12708:tid 620] AH00456: Server built: Apr 21 2020 13:46:54
[Tue Oct 10 16:07:03.085665 2023] [core:notice] [pid 12708:tid 620] AH00094: Command line: 'C:\\Users\\User\\AppData\\Roaming\\Local\\lightning-services\\apache-2.4.43+8\\bin\\win32\\bin\\httpd.exe -d C:/Users/User/AppData/Roaming/Local/lightning-services/apache-2.4.43+8/bin/win32 -D FOREGROUND -f C:\\Users\\User\\AppData\\Roaming\\Local\\run\\FPwl5e6Gv\\conf\\apache\\apache2.conf'
[Tue Oct 10 16:07:03.093664 2023] [mpm_winnt:notice] [pid 12708:tid 620] AH00418: Parent: Created child process 4088
[Tue Oct 10 16:07:04.330664 2023] [mpm_winnt:notice] [pid 4088:tid 836] AH00354: Child: Starting 64 worker threads.
[Wed Oct 11 17:01:56.389358 2023] [core:warn] [pid 10456:tid 552] AH00098: pid file C:/Users/User/AppData/Roaming/Local/run/FPwl5e6Gv/apache/logs/httpd.pid overwritten -- Unclean shutdown of previous Apache run?
[Wed Oct 11 17:01:56.395358 2023] [mpm_winnt:notice] [pid 10456:tid 552] AH00455: Apache/2.4.43 (Win32) mod_fcgid/2.3.9a configured -- resuming normal operations
[Wed Oct 11 17:01:56.395358 2023] [mpm_winnt:notice] [pid 10456:tid 552] AH00456: Server built: Apr 21 2020 13:46:54
[Wed Oct 11 17:01:56.395358 2023] [core:notice] [pid 10456:tid 552] AH00094: Command line: 'C:\\Users\\User\\AppData\\Roaming\\Local\\lightning-services\\apache-2.4.43+8\\bin\\win32\\bin\\httpd.exe -d C:/Users/User/AppData/Roaming/Local/lightning-services/apache-2.4.43+8/bin/win32 -D FOREGROUND -f C:\\Users\\User\\AppData\\Roaming\\Local\\run\\FPwl5e6Gv\\conf\\apache\\apache2.conf'
[Wed Oct 11 17:01:56.405358 2023] [mpm_winnt:notice] [pid 10456:tid 552] AH00418: Parent: Created child process 13500
[Wed Oct 11 17:01:57.627357 2023] [mpm_winnt:notice] [pid 13500:tid 936] AH00354: Child: Starting 64 worker threads.
[Sat Oct 14 19:58:05.472513 2023] [core:warn] [pid 14220:tid 788] AH00098: pid file C:/Users/User/AppData/Roaming/Local/run/FPwl5e6Gv/apache/logs/httpd.pid overwritten -- Unclean shutdown of previous Apache run?
[Sat Oct 14 19:58:05.477513 2023] [mpm_winnt:notice] [pid 14220:tid 788] AH00455: Apache/2.4.43 (Win32) mod_fcgid/2.3.9a configured -- resuming normal operations
[Sat Oct 14 19:58:05.477513 2023] [mpm_winnt:notice] [pid 14220:tid 788] AH00456: Server built: Apr 21 2020 13:46:54
[Sat Oct 14 19:58:05.477513 2023] [core:notice] [pid 14220:tid 788] AH00094: Command line: 'C:\\Users\\User\\AppData\\Roaming\\Local\\lightning-services\\apache-2.4.43+8\\bin\\win32\\bin\\httpd.exe -d C:/Users/User/AppData/Roaming/Local/lightning-services/apache-2.4.43+8/bin/win32 -D FOREGROUND -f C:\\Users\\User\\AppData\\Roaming\\Local\\run\\FPwl5e6Gv\\conf\\apache\\apache2.conf'
[Sat Oct 14 19:58:05.483513 2023] [mpm_winnt:notice] [pid 14220:tid 788] AH00418: Parent: Created child process 7128
[Sat Oct 14 19:58:06.540513 2023] [mpm_winnt:notice] [pid 7128:tid 888] AH00354: Child: Starting 64 worker threads.
